<?xml version="1.0" encoding="UTF-8"?>
<testng-results ignored="0" total="42" passed="39" failed="3" skipped="0">
  <reporter-output>
  </reporter-output>
  <suite started-at="2023-01-09T16:07:33 IST" name="Default suite" finished-at="2023-01-09T16:07:51 IST" duration-ms="17742">
    <groups>
    </groups>
    <test started-at="2023-01-09T16:07:33 IST" name="Default test" finished-at="2023-01-09T16:07:51 IST" duration-ms="17742">
      <class name="Automation.Spotify.Spotify_Api">
        <test-method signature="serch()[pri:0, instance:Automation.Spotify.Spotify_Api@be35cd9]" started-at="2023-01-09T16:07:33 IST" name="serch" finished-at="2023-01-09T16:07:36 IST" duration-ms="2641" status="PASS">
          <reporter-output>
          </reporter-output>
        </test-method> <!-- serch -->
        <test-method signature="getCurrentUsersProfile()[pri:1, instance:Automation.Spotify.Spotify_Api@be35cd9]" started-at="2023-01-09T16:07:36 IST" name="getCurrentUsersProfile" finished-at="2023-01-09T16:07:36 IST" duration-ms="484" status="PASS">
          <reporter-output>
          </reporter-output>
        </test-method> <!-- getCurrentUsersProfile -->
        <test-method signature="userId()[pri:2, instance:Automation.Spotify.Spotify_Api@be35cd9]" started-at="2023-01-09T16:07:36 IST" name="userId" finished-at="2023-01-09T16:07:37 IST" duration-ms="892" status="PASS">
          <reporter-output>
          </reporter-output>
        </test-method> <!-- userId -->
        <test-method signature="createPlaylist()[pri:3, instance:Automation.Spotify.Spotify_Api@be35cd9]" started-at="2023-01-09T16:07:37 IST" name="createPlaylist" finished-at="2023-01-09T16:07:37 IST" duration-ms="380" status="PASS">
          <reporter-output>
          </reporter-output>
        </test-method> <!-- createPlaylist -->
        <test-method signature="getPlaylist()[pri:4, instance:Automation.Spotify.Spotify_Api@be35cd9]" started-at="2023-01-09T16:07:37 IST" name="getPlaylist" finished-at="2023-01-09T16:07:38 IST" duration-ms="276" status="PASS">
          <reporter-output>
          </reporter-output>
        </test-method> <!-- getPlaylist -->
        <test-method signature="getUsersPlaylists()[pri:5, instance:Automation.Spotify.Spotify_Api@be35cd9]" started-at="2023-01-09T16:07:38 IST" name="getUsersPlaylists" finished-at="2023-01-09T16:07:38 IST" duration-ms="334" status="PASS">
          <reporter-output>
          </reporter-output>
        </test-method> <!-- getUsersPlaylists -->
        <test-method signature="getPlaylistItems()[pri:6, instance:Automation.Spotify.Spotify_Api@be35cd9]" started-at="2023-01-09T16:07:38 IST" name="getPlaylistItems" finished-at="2023-01-09T16:07:38 IST" duration-ms="217" status="PASS">
          <reporter-output>
          </reporter-output>
        </test-method> <!-- getPlaylistItems -->
        <test-method signature="getPlaylistCoverImage()[pri:7, instance:Automation.Spotify.Spotify_Api@be35cd9]" started-at="2023-01-09T16:07:38 IST" name="getPlaylistCoverImage" finished-at="2023-01-09T16:07:38 IST" duration-ms="253" status="PASS">
          <reporter-output>
          </reporter-output>
        </test-method> <!-- getPlaylistCoverImage -->
        <test-method signature="getCurrentUsersPlaylists()[pri:8, instance:Automation.Spotify.Spotify_Api@be35cd9]" started-at="2023-01-09T16:07:38 IST" name="getCurrentUsersPlaylists" finished-at="2023-01-09T16:07:39 IST" duration-ms="339" status="PASS">
          <reporter-output>
          </reporter-output>
        </test-method> <!-- getCurrentUsersPlaylists -->
        <test-method signature="updatePlaylistItems()[pri:9, instance:Automation.Spotify.Spotify_Api@be35cd9]" started-at="2023-01-09T16:07:39 IST" name="updatePlaylistItems" finished-at="2023-01-09T16:07:39 IST" duration-ms="273" status="FAIL">
          <exception class="java.lang.AssertionError">
            <message>
              <![CDATA[1 expectation failed.
Expected status code <200> but was <500>.
]]>
            </message>
            <full-stacktrace>
              <![CDATA[java.lang.AssertionError: 1 expectation failed.
Expected status code <200> but was <500>.

at java.base/jdk.internal.reflect.NativeConstructorAccessorImpl.newInstance0(Native Method)
at java.base/jdk.internal.reflect.NativeConstructorAccessorImpl.newInstance(NativeConstructorAccessorImpl.java:77)
at java.base/jdk.internal.reflect.DelegatingConstructorAccessorImpl.newInstance(DelegatingConstructorAccessorImpl.java:45)
at java.base/java.lang.reflect.Constructor.newInstanceWithCaller(Constructor.java:499)
at java.base/java.lang.reflect.Constructor.newInstance(Constructor.java:480)
at org.codehaus.groovy.reflection.CachedConstructor.invoke(CachedConstructor.java:72)
at org.codehaus.groovy.runtime.callsite.ConstructorSite$ConstructorSiteNoUnwrapNoCoerce.callConstructor(ConstructorSite.java:105)
at org.codehaus.groovy.runtime.callsite.CallSiteArray.defaultCallConstructor(CallSiteArray.java:59)
at org.codehaus.groovy.runtime.callsite.AbstractCallSite.callConstructor(AbstractCallSite.java:263)
at org.codehaus.groovy.runtime.callsite.AbstractCallSite.callConstructor(AbstractCallSite.java:277)
at io.restassured.internal.ResponseSpecificationImpl$HamcrestAssertionClosure.validate(ResponseSpecificationImpl.groovy:499)
at io.restassured.internal.ResponseSpecificationImpl$HamcrestAssertionClosure$validate$1.call(Unknown Source)
at io.restassured.internal.ResponseSpecificationImpl.validateResponseIfRequired(ResponseSpecificationImpl.groovy:684)
at java.base/jdk.internal.reflect.NativeMethodAccessorImpl.invoke0(Native Method)
at java.base/jdk.internal.reflect.NativeMethodAccessorImpl.invoke(NativeMethodAccessorImpl.java:77)
at java.base/jdk.internal.reflect.DelegatingMethodAccessorImpl.invoke(DelegatingMethodAccessorImpl.java:43)
at java.base/java.lang.reflect.Method.invoke(Method.java:568)
at org.codehaus.groovy.runtime.callsite.PlainObjectMetaMethodSite.doInvoke(PlainObjectMetaMethodSite.java:43)
at org.codehaus.groovy.runtime.callsite.PogoMetaMethodSite$PogoCachedMethodSiteNoUnwrapNoCoerce.invoke(PogoMetaMethodSite.java:193)
at org.codehaus.groovy.runtime.callsite.PogoMetaMethodSite.callCurrent(PogoMetaMethodSite.java:61)
at org.codehaus.groovy.runtime.callsite.AbstractCallSite.callCurrent(AbstractCallSite.java:185)
at io.restassured.internal.ResponseSpecificationImpl.statusCode(ResponseSpecificationImpl.groovy:127)
at io.restassured.specification.ResponseSpecification$statusCode$0.callCurrent(Unknown Source)
at io.restassured.internal.ResponseSpecificationImpl.statusCode(ResponseSpecificationImpl.groovy:135)
at io.restassured.internal.ValidatableResponseOptionsImpl.statusCode(ValidatableResponseOptionsImpl.java:89)
at io.restassured.internal.ValidatableResponseImpl.super$2$statusCode(ValidatableResponseImpl.groovy)
at java.base/jdk.internal.reflect.NativeMethodAccessorImpl.invoke0(Native Method)
at java.base/jdk.internal.reflect.NativeMethodAccessorImpl.invoke(NativeMethodAccessorImpl.java:77)
at java.base/jdk.internal.reflect.DelegatingMethodAccessorImpl.invoke(DelegatingMethodAccessorImpl.java:43)
at java.base/java.lang.reflect.Method.invoke(Method.java:568)
at org.codehaus.groovy.reflection.CachedMethod.invoke(CachedMethod.java:107)
at groovy.lang.MetaMethod.doMethodInvoke(MetaMethod.java:323)
at groovy.lang.MetaClassImpl.invokeMethod(MetaClassImpl.java:1268)
at org.codehaus.groovy.runtime.ScriptBytecodeAdapter.invokeMethodOnSuperN(ScriptBytecodeAdapter.java:144)
at io.restassured.internal.ValidatableResponseImpl.statusCode(ValidatableResponseImpl.groovy:142)
at io.restassured.internal.ValidatableResponseImpl.statusCode(ValidatableResponseImpl.groovy)
at Automation.Spotify.Spotify_Api.updatePlaylistItems(Spotify_Api.java:110)
at java.base/jdk.internal.reflect.NativeMethodAccessorImpl.invoke0(Native Method)
at java.base/jdk.internal.reflect.NativeMethodAccessorImpl.invoke(NativeMethodAccessorImpl.java:77)
at java.base/jdk.internal.reflect.DelegatingMethodAccessorImpl.invoke(DelegatingMethodAccessorImpl.java:43)
at java.base/java.lang.reflect.Method.invoke(Method.java:568)
at org.testng.internal.MethodInvocationHelper.invokeMethod(MethodInvocationHelper.java:133)
at org.testng.internal.TestInvoker.invokeMethod(TestInvoker.java:598)
at org.testng.internal.TestInvoker.invokeTestMethod(TestInvoker.java:173)
at org.testng.internal.MethodRunner.runInSequence(MethodRunner.java:46)
at org.testng.internal.TestInvoker$MethodInvocationAgent.invoke(TestInvoker.java:824)
at org.testng.internal.TestInvoker.invokeTestMethods(TestInvoker.java:146)
at org.testng.internal.TestMethodWorker.invokeTestMethods(TestMethodWorker.java:146)
at org.testng.internal.TestMethodWorker.run(TestMethodWorker.java:128)
at java.base/java.util.ArrayList.forEach(ArrayList.java:1511)
at org.testng.TestRunner.privateRun(TestRunner.java:794)
at org.testng.TestRunner.run(TestRunner.java:596)
at org.testng.SuiteRunner.runTest(SuiteRunner.java:377)
at org.testng.SuiteRunner.runSequentially(SuiteRunner.java:371)
at org.testng.SuiteRunner.privateRun(SuiteRunner.java:332)
at org.testng.SuiteRunner.run(SuiteRunner.java:276)
at org.testng.SuiteRunnerWorker.runSuite(SuiteRunnerWorker.java:53)
at org.testng.SuiteRunnerWorker.run(SuiteRunnerWorker.java:96)
at org.testng.TestNG.runSuitesSequentially(TestNG.java:1212)
at org.testng.TestNG.runSuitesLocally(TestNG.java:1134)
at org.testng.TestNG.runSuites(TestNG.java:1063)
at org.testng.TestNG.run(TestNG.java:1031)
at org.testng.remote.AbstractRemoteTestNG.run(AbstractRemoteTestNG.java:115)
at org.testng.remote.RemoteTestNG.initAndRun(RemoteTestNG.java:251)
at org.testng.remote.RemoteTestNG.main(RemoteTestNG.java:77)
]]>
            </full-stacktrace>
          </exception> <!-- java.lang.AssertionError -->
          <reporter-output>
          </reporter-output>
        </test-method> <!-- updatePlaylistItems -->
        <test-method signature="removePlaylistItems()[pri:10, instance:Automation.Spotify.Spotify_Api@be35cd9]" started-at="2023-01-09T16:07:39 IST" name="removePlaylistItems" finished-at="2023-01-09T16:07:40 IST" duration-ms="692" status="PASS">
          <reporter-output>
          </reporter-output>
        </test-method> <!-- removePlaylistItems -->
        <test-method signature="getTracksAudioAnalysis()[pri:11, instance:Automation.Spotify.Spotify_Api@be35cd9]" started-at="2023-01-09T16:07:40 IST" name="getTracksAudioAnalysis" finished-at="2023-01-09T16:07:41 IST" duration-ms="834" status="PASS">
          <reporter-output>
          </reporter-output>
        </test-method> <!-- getTracksAudioAnalysis -->
        <test-method signature="getTracksAudioFeatures()[pri:12, instance:Automation.Spotify.Spotify_Api@be35cd9]" started-at="2023-01-09T16:07:41 IST" name="getTracksAudioFeatures" finished-at="2023-01-09T16:07:41 IST" duration-ms="534" status="PASS">
          <reporter-output>
          </reporter-output>
        </test-method> <!-- getTracksAudioFeatures -->
        <test-method signature="getTrackAudioFeatures()[pri:13, instance:Automation.Spotify.Spotify_Api@be35cd9]" started-at="2023-01-09T16:07:41 IST" name="getTrackAudioFeatures" finished-at="2023-01-09T16:07:41 IST" duration-ms="212" status="PASS">
          <reporter-output>
          </reporter-output>
        </test-method> <!-- getTrackAudioFeatures -->
        <test-method signature="getSeveralTracks()[pri:14, instance:Automation.Spotify.Spotify_Api@be35cd9]" started-at="2023-01-09T16:07:41 IST" name="getSeveralTracks" finished-at="2023-01-09T16:07:42 IST" duration-ms="203" status="PASS">
          <reporter-output>
          </reporter-output>
        </test-method> <!-- getSeveralTracks -->
        <test-method signature="getTracks()[pri:15, instance:Automation.Spotify.Spotify_Api@be35cd9]" started-at="2023-01-09T16:07:42 IST" name="getTracks" finished-at="2023-01-09T16:07:42 IST" duration-ms="370" status="PASS">
          <reporter-output>
          </reporter-output>
        </test-method> <!-- getTracks -->
        <test-method signature="serchforItem()[pri:16, instance:Automation.Spotify.Spotify_Api@be35cd9]" started-at="2023-01-09T16:07:42 IST" name="serchforItem" finished-at="2023-01-09T16:07:43 IST" duration-ms="825" status="PASS">
          <reporter-output>
          </reporter-output>
        </test-method> <!-- serchforItem -->
        <test-method signature="getShows()[pri:17, instance:Automation.Spotify.Spotify_Api@be35cd9]" started-at="2023-01-09T16:07:43 IST" name="getShows" finished-at="2023-01-09T16:07:43 IST" duration-ms="485" status="PASS">
          <reporter-output>
          </reporter-output>
        </test-method> <!-- getShows -->
        <test-method signature="getShowsEpisodes()[pri:18, instance:Automation.Spotify.Spotify_Api@be35cd9]" started-at="2023-01-09T16:07:43 IST" name="getShowsEpisodes" finished-at="2023-01-09T16:07:44 IST" duration-ms="452" status="PASS">
          <reporter-output>
          </reporter-output>
        </test-method> <!-- getShowsEpisodes -->
        <test-method signature="getSeveralShows()[pri:19, instance:Automation.Spotify.Spotify_Api@be35cd9]" started-at="2023-01-09T16:07:44 IST" name="getSeveralShows" finished-at="2023-01-09T16:07:44 IST" duration-ms="165" status="FAIL">
          <exception class="java.lang.AssertionError">
            <message>
              <![CDATA[1 expectation failed.
Expected status code <200> but was <400>.
]]>
            </message>
            <full-stacktrace>
              <![CDATA[java.lang.AssertionError: 1 expectation failed.
Expected status code <200> but was <400>.

at java.base/jdk.internal.reflect.NativeConstructorAccessorImpl.newInstance0(Native Method)
at java.base/jdk.internal.reflect.NativeConstructorAccessorImpl.newInstance(NativeConstructorAccessorImpl.java:77)
at java.base/jdk.internal.reflect.DelegatingConstructorAccessorImpl.newInstance(DelegatingConstructorAccessorImpl.java:45)
at java.base/java.lang.reflect.Constructor.newInstanceWithCaller(Constructor.java:499)
at java.base/java.lang.reflect.Constructor.newInstance(Constructor.java:480)
at org.codehaus.groovy.reflection.CachedConstructor.invoke(CachedConstructor.java:72)
at org.codehaus.groovy.runtime.callsite.ConstructorSite$ConstructorSiteNoUnwrapNoCoerce.callConstructor(ConstructorSite.java:105)
at org.codehaus.groovy.runtime.callsite.AbstractCallSite.callConstructor(AbstractCallSite.java:277)
at io.restassured.internal.ResponseSpecificationImpl$HamcrestAssertionClosure.validate(ResponseSpecificationImpl.groovy:499)
at io.restassured.internal.ResponseSpecificationImpl$HamcrestAssertionClosure$validate$1.call(Unknown Source)
at io.restassured.internal.ResponseSpecificationImpl.validateResponseIfRequired(ResponseSpecificationImpl.groovy:684)
at jdk.internal.reflect.GeneratedMethodAccessor136.invoke(Unknown Source)
at java.base/jdk.internal.reflect.DelegatingMethodAccessorImpl.invoke(DelegatingMethodAccessorImpl.java:43)
at java.base/java.lang.reflect.Method.invoke(Method.java:568)
at org.codehaus.groovy.runtime.callsite.PlainObjectMetaMethodSite.doInvoke(PlainObjectMetaMethodSite.java:43)
at org.codehaus.groovy.runtime.callsite.PogoMetaMethodSite$PogoCachedMethodSiteNoUnwrapNoCoerce.invoke(PogoMetaMethodSite.java:193)
at org.codehaus.groovy.runtime.callsite.PogoMetaMethodSite.callCurrent(PogoMetaMethodSite.java:61)
at org.codehaus.groovy.runtime.callsite.AbstractCallSite.callCurrent(AbstractCallSite.java:185)
at io.restassured.internal.ResponseSpecificationImpl.statusCode(ResponseSpecificationImpl.groovy:127)
at io.restassured.specification.ResponseSpecification$statusCode$0.callCurrent(Unknown Source)
at io.restassured.internal.ResponseSpecificationImpl.statusCode(ResponseSpecificationImpl.groovy:135)
at io.restassured.internal.ValidatableResponseOptionsImpl.statusCode(ValidatableResponseOptionsImpl.java:89)
at io.restassured.internal.ValidatableResponseImpl.super$2$statusCode(ValidatableResponseImpl.groovy)
at jdk.internal.reflect.GeneratedMethodAccessor135.invoke(Unknown Source)
at java.base/jdk.internal.reflect.DelegatingMethodAccessorImpl.invoke(DelegatingMethodAccessorImpl.java:43)
at java.base/java.lang.reflect.Method.invoke(Method.java:568)
at org.codehaus.groovy.reflection.CachedMethod.invoke(CachedMethod.java:107)
at groovy.lang.MetaMethod.doMethodInvoke(MetaMethod.java:323)
at groovy.lang.MetaClassImpl.invokeMethod(MetaClassImpl.java:1268)
at org.codehaus.groovy.runtime.ScriptBytecodeAdapter.invokeMethodOnSuperN(ScriptBytecodeAdapter.java:144)
at io.restassured.internal.ValidatableResponseImpl.statusCode(ValidatableResponseImpl.groovy:142)
at io.restassured.internal.ValidatableResponseImpl.statusCode(ValidatableResponseImpl.groovy)
at Automation.Spotify.Spotify_Api.getSeveralShows(Spotify_Api.java:229)
at java.base/jdk.internal.reflect.NativeMethodAccessorImpl.invoke0(Native Method)
at java.base/jdk.internal.reflect.NativeMethodAccessorImpl.invoke(NativeMethodAccessorImpl.java:77)
at java.base/jdk.internal.reflect.DelegatingMethodAccessorImpl.invoke(DelegatingMethodAccessorImpl.java:43)
at java.base/java.lang.reflect.Method.invoke(Method.java:568)
at org.testng.internal.MethodInvocationHelper.invokeMethod(MethodInvocationHelper.java:133)
at org.testng.internal.TestInvoker.invokeMethod(TestInvoker.java:598)
at org.testng.internal.TestInvoker.invokeTestMethod(TestInvoker.java:173)
at org.testng.internal.MethodRunner.runInSequence(MethodRunner.java:46)
at org.testng.internal.TestInvoker$MethodInvocationAgent.invoke(TestInvoker.java:824)
at org.testng.internal.TestInvoker.invokeTestMethods(TestInvoker.java:146)
at org.testng.internal.TestMethodWorker.invokeTestMethods(TestMethodWorker.java:146)
at org.testng.internal.TestMethodWorker.run(TestMethodWorker.java:128)
at java.base/java.util.ArrayList.forEach(ArrayList.java:1511)
at org.testng.TestRunner.privateRun(TestRunner.java:794)
at org.testng.TestRunner.run(TestRunner.java:596)
at org.testng.SuiteRunner.runTest(SuiteRunner.java:377)
at org.testng.SuiteRunner.runSequentially(SuiteRunner.java:371)
at org.testng.SuiteRunner.privateRun(SuiteRunner.java:332)
at org.testng.SuiteRunner.run(SuiteRunner.java:276)
at org.testng.SuiteRunnerWorker.runSuite(SuiteRunnerWorker.java:53)
at org.testng.SuiteRunnerWorker.run(SuiteRunnerWorker.java:96)
at org.testng.TestNG.runSuitesSequentially(TestNG.java:1212)
at org.testng.TestNG.runSuitesLocally(TestNG.java:1134)
at org.testng.TestNG.runSuites(TestNG.java:1063)
at org.testng.TestNG.run(TestNG.java:1031)
at org.testng.remote.AbstractRemoteTestNG.run(AbstractRemoteTestNG.java:115)
at org.testng.remote.RemoteTestNG.initAndRun(RemoteTestNG.java:251)
at org.testng.remote.RemoteTestNG.main(RemoteTestNG.java:77)
]]>
            </full-stacktrace>
          </exception> <!-- java.lang.AssertionError -->
          <reporter-output>
          </reporter-output>
        </test-method> <!-- getSeveralShows -->
        <test-method signature="getAvailableDevices()[pri:20, instance:Automation.Spotify.Spotify_Api@be35cd9]" started-at="2023-01-09T16:07:44 IST" name="getAvailableDevices" finished-at="2023-01-09T16:07:45 IST" duration-ms="720" status="PASS">
          <reporter-output>
          </reporter-output>
        </test-method> <!-- getAvailableDevices -->
        <test-method signature="getCurrentlyPlayingTrack()[pri:21, instance:Automation.Spotify.Spotify_Api@be35cd9]" started-at="2023-01-09T16:07:45 IST" name="getCurrentlyPlayingTrack" finished-at="2023-01-09T16:07:45 IST" duration-ms="208" status="PASS">
          <reporter-output>
          </reporter-output>
        </test-method> <!-- getCurrentlyPlayingTrack -->
        <test-method signature="getAvailableMarkets()[pri:22, instance:Automation.Spotify.Spotify_Api@be35cd9]" started-at="2023-01-09T16:07:45 IST" name="getAvailableMarkets" finished-at="2023-01-09T16:07:45 IST" duration-ms="198" status="PASS">
          <reporter-output>
          </reporter-output>
        </test-method> <!-- getAvailableMarkets -->
        <test-method signature="getEpisodes()[pri:23, instance:Automation.Spotify.Spotify_Api@be35cd9]" started-at="2023-01-09T16:07:45 IST" name="getEpisodes" finished-at="2023-01-09T16:07:46 IST" duration-ms="541" status="PASS">
          <reporter-output>
          </reporter-output>
        </test-method> <!-- getEpisodes -->
        <test-method signature="getSeveralChapter()[pri:24, instance:Automation.Spotify.Spotify_Api@be35cd9]" started-at="2023-01-09T16:07:46 IST" name="getSeveralChapter" finished-at="2023-01-09T16:07:46 IST" duration-ms="215" status="PASS">
          <reporter-output>
          </reporter-output>
        </test-method> <!-- getSeveralChapter -->
        <test-method signature="getAvailableGenreSeeds()[pri:25, instance:Automation.Spotify.Spotify_Api@be35cd9]" started-at="2023-01-09T16:07:46 IST" name="getAvailableGenreSeeds" finished-at="2023-01-09T16:07:46 IST" duration-ms="280" status="PASS">
          <reporter-output>
          </reporter-output>
        </test-method> <!-- getAvailableGenreSeeds -->
        <test-method signature="getSeveralbrowseCategories()[pri:26, instance:Automation.Spotify.Spotify_Api@be35cd9]" started-at="2023-01-09T16:07:46 IST" name="getSeveralbrowseCategories" finished-at="2023-01-09T16:07:46 IST" duration-ms="310" status="PASS">
          <reporter-output>
          </reporter-output>
        </test-method> <!-- getSeveralbrowseCategories -->
        <test-method signature="getSingleBrowseCategory()[pri:27, instance:Automation.Spotify.Spotify_Api@be35cd9]" started-at="2023-01-09T16:07:46 IST" name="getSingleBrowseCategory" finished-at="2023-01-09T16:07:47 IST" duration-ms="247" status="PASS">
          <reporter-output>
          </reporter-output>
        </test-method> <!-- getSingleBrowseCategory -->
        <test-method signature="getFeaturedPlaylistsPlayList()[pri:28, instance:Automation.Spotify.Spotify_Api@be35cd9]" started-at="2023-01-09T16:07:47 IST" name="getFeaturedPlaylistsPlayList" finished-at="2023-01-09T16:07:47 IST" duration-ms="237" status="PASS">
          <reporter-output>
          </reporter-output>
        </test-method> <!-- getFeaturedPlaylistsPlayList -->
        <test-method signature="getNewReleases()[pri:29, instance:Automation.Spotify.Spotify_Api@be35cd9]" started-at="2023-01-09T16:07:47 IST" name="getNewReleases" finished-at="2023-01-09T16:07:47 IST" duration-ms="341" status="PASS">
          <reporter-output>
          </reporter-output>
        </test-method> <!-- getNewReleases -->
        <test-method signature="getRecommendations()[pri:30, instance:Automation.Spotify.Spotify_Api@be35cd9]" started-at="2023-01-09T16:07:47 IST" name="getRecommendations" finished-at="2023-01-09T16:07:48 IST" duration-ms="425" status="PASS">
          <reporter-output>
          </reporter-output>
        </test-method> <!-- getRecommendations -->
        <test-method signature="getSeveralAudioBook()[pri:31, instance:Automation.Spotify.Spotify_Api@be35cd9]" started-at="2023-01-09T16:07:48 IST" name="getSeveralAudioBook" finished-at="2023-01-09T16:07:48 IST" duration-ms="184" status="PASS">
          <reporter-output>
          </reporter-output>
        </test-method> <!-- getSeveralAudioBook -->
        <test-method signature="getArtistsAlbums()[pri:32, instance:Automation.Spotify.Spotify_Api@be35cd9]" started-at="2023-01-09T16:07:48 IST" name="getArtistsAlbums" finished-at="2023-01-09T16:07:48 IST" duration-ms="383" status="PASS">
          <reporter-output>
          </reporter-output>
        </test-method> <!-- getArtistsAlbums -->
        <test-method signature="getArtistsRelatedArtists()[pri:33, instance:Automation.Spotify.Spotify_Api@be35cd9]" started-at="2023-01-09T16:07:48 IST" name="getArtistsRelatedArtists" finished-at="2023-01-09T16:07:48 IST" duration-ms="231" status="PASS">
          <reporter-output>
          </reporter-output>
        </test-method> <!-- getArtistsRelatedArtists -->
        <test-method signature="getArtistsTopTracks()[pri:34, instance:Automation.Spotify.Spotify_Api@be35cd9]" started-at="2023-01-09T16:07:48 IST" name="getArtistsTopTracks" finished-at="2023-01-09T16:07:49 IST" duration-ms="204" status="PASS">
          <reporter-output>
          </reporter-output>
        </test-method> <!-- getArtistsTopTracks -->
        <test-method signature="getArtist()[pri:35, instance:Automation.Spotify.Spotify_Api@be35cd9]" started-at="2023-01-09T16:07:49 IST" name="getArtist" finished-at="2023-01-09T16:07:49 IST" duration-ms="471" status="PASS">
          <reporter-output>
          </reporter-output>
        </test-method> <!-- getArtist -->
        <test-method signature="getSeveralArtists()[pri:36, instance:Automation.Spotify.Spotify_Api@be35cd9]" started-at="2023-01-09T16:07:49 IST" name="getSeveralArtists" finished-at="2023-01-09T16:07:49 IST" duration-ms="142" status="PASS">
          <reporter-output>
          </reporter-output>
        </test-method> <!-- getSeveralArtists -->
        <test-method signature="getAlbumTracks()[pri:37, instance:Automation.Spotify.Spotify_Api@be35cd9]" started-at="2023-01-09T16:07:49 IST" name="getAlbumTracks" finished-at="2023-01-09T16:07:49 IST" duration-ms="275" status="PASS">
          <reporter-output>
          </reporter-output>
        </test-method> <!-- getAlbumTracks -->
        <test-method signature="getAlbum()[pri:38, instance:Automation.Spotify.Spotify_Api@be35cd9]" started-at="2023-01-09T16:07:49 IST" name="getAlbum" finished-at="2023-01-09T16:07:50 IST" duration-ms="223" status="PASS">
          <reporter-output>
          </reporter-output>
        </test-method> <!-- getAlbum -->
        <test-method signature="getSeveralAlbum()[pri:39, instance:Automation.Spotify.Spotify_Api@be35cd9]" started-at="2023-01-09T16:07:50 IST" name="getSeveralAlbum" finished-at="2023-01-09T16:07:50 IST" duration-ms="203" status="PASS">
          <reporter-output>
          </reporter-output>
        </test-method> <!-- getSeveralAlbum -->
        <test-method signature="getFollowsArtists()[pri:40, instance:Automation.Spotify.Spotify_Api@be35cd9]" started-at="2023-01-09T16:07:50 IST" name="getFollowsArtists" finished-at="2023-01-09T16:07:50 IST" duration-ms="298" status="PASS">
          <reporter-output>
          </reporter-output>
        </test-method> <!-- getFollowsArtists -->
        <test-method signature="checkifUsersFollowPlaylist()[pri:41, instance:Automation.Spotify.Spotify_Api@be35cd9]" started-at="2023-01-09T16:07:50 IST" name="checkifUsersFollowPlaylist" finished-at="2023-01-09T16:07:51 IST" duration-ms="405" status="FAIL">
          <exception class="java.lang.AssertionError">
            <message>
              <![CDATA[1 expectation failed.
Expected status code <200> but was <502>.
]]>
            </message>
            <full-stacktrace>
              <![CDATA[java.lang.AssertionError: 1 expectation failed.
Expected status code <200> but was <502>.

at java.base/jdk.internal.reflect.NativeConstructorAccessorImpl.newInstance0(Native Method)
at java.base/jdk.internal.reflect.NativeConstructorAccessorImpl.newInstance(NativeConstructorAccessorImpl.java:77)
at java.base/jdk.internal.reflect.DelegatingConstructorAccessorImpl.newInstance(DelegatingConstructorAccessorImpl.java:45)
at java.base/java.lang.reflect.Constructor.newInstanceWithCaller(Constructor.java:499)
at java.base/java.lang.reflect.Constructor.newInstance(Constructor.java:480)
at org.codehaus.groovy.reflection.CachedConstructor.invoke(CachedConstructor.java:72)
at org.codehaus.groovy.runtime.callsite.ConstructorSite$ConstructorSiteNoUnwrapNoCoerce.callConstructor(ConstructorSite.java:105)
at org.codehaus.groovy.runtime.callsite.AbstractCallSite.callConstructor(AbstractCallSite.java:277)
at io.restassured.internal.ResponseSpecificationImpl$HamcrestAssertionClosure.validate(ResponseSpecificationImpl.groovy:499)
at io.restassured.internal.ResponseSpecificationImpl$HamcrestAssertionClosure$validate$1.call(Unknown Source)
at io.restassured.internal.ResponseSpecificationImpl.validateResponseIfRequired(ResponseSpecificationImpl.groovy:684)
at jdk.internal.reflect.GeneratedMethodAccessor136.invoke(Unknown Source)
at java.base/jdk.internal.reflect.DelegatingMethodAccessorImpl.invoke(DelegatingMethodAccessorImpl.java:43)
at java.base/java.lang.reflect.Method.invoke(Method.java:568)
at org.codehaus.groovy.runtime.callsite.PlainObjectMetaMethodSite.doInvoke(PlainObjectMetaMethodSite.java:43)
at org.codehaus.groovy.runtime.callsite.PogoMetaMethodSite$PogoCachedMethodSiteNoUnwrapNoCoerce.invoke(PogoMetaMethodSite.java:193)
at org.codehaus.groovy.runtime.callsite.PogoMetaMethodSite.callCurrent(PogoMetaMethodSite.java:61)
at org.codehaus.groovy.runtime.callsite.AbstractCallSite.callCurrent(AbstractCallSite.java:185)
at io.restassured.internal.ResponseSpecificationImpl.statusCode(ResponseSpecificationImpl.groovy:127)
at io.restassured.specification.ResponseSpecification$statusCode$0.callCurrent(Unknown Source)
at io.restassured.internal.ResponseSpecificationImpl.statusCode(ResponseSpecificationImpl.groovy:135)
at io.restassured.internal.ValidatableResponseOptionsImpl.statusCode(ValidatableResponseOptionsImpl.java:89)
at io.restassured.internal.ValidatableResponseImpl.super$2$statusCode(ValidatableResponseImpl.groovy)
at jdk.internal.reflect.GeneratedMethodAccessor135.invoke(Unknown Source)
at java.base/jdk.internal.reflect.DelegatingMethodAccessorImpl.invoke(DelegatingMethodAccessorImpl.java:43)
at java.base/java.lang.reflect.Method.invoke(Method.java:568)
at org.codehaus.groovy.reflection.CachedMethod.invoke(CachedMethod.java:107)
at groovy.lang.MetaMethod.doMethodInvoke(MetaMethod.java:323)
at groovy.lang.MetaClassImpl.invokeMethod(MetaClassImpl.java:1268)
at org.codehaus.groovy.runtime.ScriptBytecodeAdapter.invokeMethodOnSuperN(ScriptBytecodeAdapter.java:144)
at io.restassured.internal.ValidatableResponseImpl.statusCode(ValidatableResponseImpl.groovy:142)
at io.restassured.internal.ValidatableResponseImpl.statusCode(ValidatableResponseImpl.groovy)
at Automation.Spotify.Spotify_Api.checkifUsersFollowPlaylist(Spotify_Api.java:473)
at java.base/jdk.internal.reflect.NativeMethodAccessorImpl.invoke0(Native Method)
at java.base/jdk.internal.reflect.NativeMethodAccessorImpl.invoke(NativeMethodAccessorImpl.java:77)
at java.base/jdk.internal.reflect.DelegatingMethodAccessorImpl.invoke(DelegatingMethodAccessorImpl.java:43)
at java.base/java.lang.reflect.Method.invoke(Method.java:568)
at org.testng.internal.MethodInvocationHelper.invokeMethod(MethodInvocationHelper.java:133)
at org.testng.internal.TestInvoker.invokeMethod(TestInvoker.java:598)
at org.testng.internal.TestInvoker.invokeTestMethod(TestInvoker.java:173)
at org.testng.internal.MethodRunner.runInSequence(MethodRunner.java:46)
at org.testng.internal.TestInvoker$MethodInvocationAgent.invoke(TestInvoker.java:824)
at org.testng.internal.TestInvoker.invokeTestMethods(TestInvoker.java:146)
at org.testng.internal.TestMethodWorker.invokeTestMethods(TestMethodWorker.java:146)
at org.testng.internal.TestMethodWorker.run(TestMethodWorker.java:128)
at java.base/java.util.ArrayList.forEach(ArrayList.java:1511)
at org.testng.TestRunner.privateRun(TestRunner.java:794)
at org.testng.TestRunner.run(TestRunner.java:596)
at org.testng.SuiteRunner.runTest(SuiteRunner.java:377)
at org.testng.SuiteRunner.runSequentially(SuiteRunner.java:371)
at org.testng.SuiteRunner.privateRun(SuiteRunner.java:332)
at org.testng.SuiteRunner.run(SuiteRunner.java:276)
at org.testng.SuiteRunnerWorker.runSuite(SuiteRunnerWorker.java:53)
at org.testng.SuiteRunnerWorker.run(SuiteRunnerWorker.java:96)
at org.testng.TestNG.runSuitesSequentially(TestNG.java:1212)
at org.testng.TestNG.runSuitesLocally(TestNG.java:1134)
at org.testng.TestNG.runSuites(TestNG.java:1063)
at org.testng.TestNG.run(TestNG.java:1031)
at org.testng.remote.AbstractRemoteTestNG.run(AbstractRemoteTestNG.java:115)
at org.testng.remote.RemoteTestNG.initAndRun(RemoteTestNG.java:251)
at org.testng.remote.RemoteTestNG.main(RemoteTestNG.java:77)
]]>
            </full-stacktrace>
          </exception> <!-- java.lang.AssertionError -->
          <reporter-output>
          </reporter-output>
        </test-method> <!-- checkifUsersFollowPlaylist -->
      </class> <!-- Automation.Spotify.Spotify_Api -->
    </test> <!-- Default test -->
  </suite> <!-- Default suite -->
</testng-results>
